<?xml version="1.0" encoding="UTF-8"?>
<!-- Generated by org.testng.reporters.JUnitReportReporter -->
<testsuite hostname="DESKTOP-H8U33OQ" failures="0" tests="2" name="testRunner.TestRun" time="32.349" errors="0" timestamp="2023-04-18T11:49:50 PDT" skipped="0">
  <testcase classname="testRunner.TestRun" name="runScenario" time="20.887"/>
  <system-out/>
  <testcase classname="testRunner.TestRun" name="runScenario" time="11.462"/>
  <system-out/>
</testsuite> <!-- testRunner.TestRun -->
