<?xml version="1.0" encoding="UTF-8"?>
<!-- Generated by org.testng.reporters.JUnitReportReporter -->
<testsuite hostname="DESKTOP-H8U33OQ" failures="0" tests="2" name="testRunner.TestRun" time="23.739" errors="0" timestamp="2023-04-18T23:48:41 PDT" skipped="0">
  <testcase classname="testRunner.TestRun" name="runScenario" time="9.181"/>
  <system-out/>
  <testcase classname="testRunner.TestRun" name="runScenario" time="14.558"/>
  <system-out/>
</testsuite> <!-- testRunner.TestRun -->
