<?xml version="1.0" encoding="UTF-8"?>
<!-- Generated by org.testng.reporters.JUnitReportReporter -->
<testsuite hostname="LAPTOP-BOB3RH2U" failures="0" tests="3" name="testRunner.TestRun" time="113.796" errors="0" timestamp="2023-04-13T13:16:06 PDT" skipped="0">
  <testcase classname="testRunner.TestRun" name="runScenario" time="43.705"/>
  <system-out/>
  <testcase classname="testRunner.TestRun" name="runScenario" time="45.952"/>
  <system-out/>
  <testcase classname="testRunner.TestRun" name="runScenario" time="24.139"/>
  <system-out/>
</testsuite> <!-- testRunner.TestRun -->
