<?xml version="1.0" encoding="UTF-8"?>
<!-- Generated by org.testng.reporters.JUnitReportReporter -->
<testsuite hostname="DESKTOP-H8U33OQ" failures="0" tests="3" name="testRunner.TestRun" time="31.137" errors="0" timestamp="2023-04-01T19:14:36 PDT" skipped="0">
  <testcase classname="testRunner.TestRun" name="runScenario" time="12.482"/>
  <system-out/>
  <testcase classname="testRunner.TestRun" name="runScenario" time="10.901"/>
  <system-out/>
  <testcase classname="testRunner.TestRun" name="runScenario" time="7.754"/>
  <system-out/>
</testsuite> <!-- testRunner.TestRun -->
